<?xml version="1.0" encoding="UTF-8"?>
<!-- Generated by org.testng.reporters.JUnitReportReporter -->
<testsuite hostname="DESKTOP-AOMEI0O" failures="0" tests="4" name="com.team.findinghospital.qa.testcases.CorporateWellnessPageTest" time="54.586" errors="0" timestamp="16 Apr 2021 07:50:47 GMT" skipped="0">
  <testcase classname="com.team.findinghospital.qa.testcases.CorporateWellnessPageTest" name="scheduleDemo2" time="11.276"/>
  <testcase classname="com.team.findinghospital.qa.testcases.CorporateWellnessPageTest" name="scheduleDem1" time="15.984"/>
  <testcase classname="com.team.findinghospital.qa.testcases.CorporateWellnessPageTest" name="scheduleDemo3" time="14.153"/>
  <testcase classname="com.team.findinghospital.qa.testcases.CorporateWellnessPageTest" name="scheduleDemo4" time="13.173"/>
</testsuite> <!-- com.team.findinghospital.qa.testcases.CorporateWellnessPageTest -->
