<?xml version="1.0" encoding="UTF-8"?>
<!-- Generated by org.testng.reporters.JUnitReportReporter -->
<testsuite hostname="DESKTOP-AOMEI0O" failures="0" tests="2" name="com.team.findinghospital.qa.testcases.URLTest" time="19.539" errors="0" timestamp="16 Apr 2021 07:50:47 GMT" skipped="0">
  <testcase classname="com.team.findinghospital.qa.testcases.URLTest" name="validURLTest" time="11.640"/>
  <testcase classname="com.team.findinghospital.qa.testcases.URLTest" name="invalidURLTest" time="7.899"/>
</testsuite> <!-- com.team.findinghospital.qa.testcases.URLTest -->
